2019-05-30 06:44:08 [main] DEBUG o.s.b.c.l.ClasspathLoggingApplicationListener -
				Application failed to start with classpath: [file:/home/ubuntu/Desktop/FinalDemo/FinalIntegration/finalintegration/Backend/KeepNote-Step6-Boilerplate/UserService/target/classes/, file:/home/ubuntu/.m2/repository/org/mockito/mockito-core/2.15.0/mockito-core-2.15.0.jar, file:/home/ubuntu/.m2/repository/net/bytebuddy/byte-buddy/1.7.11/byte-buddy-1.7.11.jar, file:/home/ubuntu/.m2/repository/net/bytebuddy/byte-buddy-agent/1.7.11/byte-buddy-agent-1.7.11.jar, file:/home/ubuntu/.m2/repository/org/objenesis/objenesis/2.6/objenesis-2.6.jar, file:/home/ubuntu/.m2/repository/org/mockito/mockito-all/1.10.19/mockito-all-1.10.19.jar, file:/home/ubuntu/.m2/repository/org/springframework/boot/spring-boot-starter-web/2.0.2.RELEASE/spring-boot-starter-web-2.0.2.RELEASE.jar, file:/home/ubuntu/.m2/repository/org/springframework/boot/spring-boot-starter/2.0.2.RELEASE/spring-boot-starter-2.0.2.RELEASE.jar, file:/home/ubuntu/.m2/repository/org/springframework/boot/spring-boot/2.0.2.RELEASE/spring-boot-2.0.2.RELEASE.jar, file:/home/ubuntu/.m2/repository/org/springframework/boot/spring-boot-autoconfigure/2.0.2.RELEASE/spring-boot-autoconfigure-2.0.2.RELEASE.jar, file:/home/ubuntu/.m2/repository/org/springframework/boot/spring-boot-starter-logging/2.0.2.RELEASE/spring-boot-starter-logging-2.0.2.RELEASE.jar, file:/home/ubuntu/.m2/repository/ch/qos/logback/logback-classic/1.2.3/logback-classic-1.2.3.jar, file:/home/ubuntu/.m2/repository/ch/qos/logback/logback-core/1.2.3/logback-core-1.2.3.jar, file:/home/ubuntu/.m2/repository/org/apache/logging/log4j/log4j-to-slf4j/2.10.0/log4j-to-slf4j-2.10.0.jar, file:/home/ubuntu/.m2/repository/org/apache/logging/log4j/log4j-api/2.10.0/log4j-api-2.10.0.jar, file:/home/ubuntu/.m2/repository/org/slf4j/jul-to-slf4j/1.7.25/jul-to-slf4j-1.7.25.jar, file:/home/ubuntu/.m2/repository/javax/annotation/javax.annotation-api/1.3.2/javax.annotation-api-1.3.2.jar, file:/home/ubuntu/.m2/repository/org/yaml/snakeyaml/1.19/snakeyaml-1.19.jar, file:/home/ubuntu/.m2/repository/org/springframework/boot/spring-boot-starter-json/2.0.2.RELEASE/spring-boot-starter-json-2.0.2.RELEASE.jar, file:/home/ubuntu/.m2/repository/com/fasterxml/jackson/datatype/jackson-datatype-jdk8/2.9.5/jackson-datatype-jdk8-2.9.5.jar, file:/home/ubuntu/.m2/repository/com/fasterxml/jackson/datatype/jackson-datatype-jsr310/2.9.5/jackson-datatype-jsr310-2.9.5.jar, file:/home/ubuntu/.m2/repository/com/fasterxml/jackson/module/jackson-module-parameter-names/2.9.5/jackson-module-parameter-names-2.9.5.jar, file:/home/ubuntu/.m2/repository/org/springframework/boot/spring-boot-starter-tomcat/2.0.2.RELEASE/spring-boot-starter-tomcat-2.0.2.RELEASE.jar, file:/home/ubuntu/.m2/repository/org/apache/tomcat/embed/tomcat-embed-core/8.5.31/tomcat-embed-core-8.5.31.jar, file:/home/ubuntu/.m2/repository/org/apache/tomcat/embed/tomcat-embed-el/8.5.31/tomcat-embed-el-8.5.31.jar, file:/home/ubuntu/.m2/repository/org/apache/tomcat/embed/tomcat-embed-websocket/8.5.31/tomcat-embed-websocket-8.5.31.jar, file:/home/ubuntu/.m2/repository/org/hibernate/validator/hibernate-validator/6.0.9.Final/hibernate-validator-6.0.9.Final.jar, file:/home/ubuntu/.m2/repository/javax/validation/validation-api/2.0.1.Final/validation-api-2.0.1.Final.jar, file:/home/ubuntu/.m2/repository/org/jboss/logging/jboss-logging/3.3.2.Final/jboss-logging-3.3.2.Final.jar, file:/home/ubuntu/.m2/repository/org/springframework/spring-web/5.0.6.RELEASE/spring-web-5.0.6.RELEASE.jar, file:/home/ubuntu/.m2/repository/org/springframework/spring-beans/5.0.6.RELEASE/spring-beans-5.0.6.RELEASE.jar, file:/home/ubuntu/.m2/repository/org/springframework/spring-webmvc/5.0.6.RELEASE/spring-webmvc-5.0.6.RELEASE.jar, file:/home/ubuntu/.m2/repository/org/springframework/spring-expression/5.0.6.RELEASE/spring-expression-5.0.6.RELEASE.jar, file:/home/ubuntu/.m2/repository/org/springframework/spring-core/5.0.6.RELEASE/spring-core-5.0.6.RELEASE.jar, file:/home/ubuntu/.m2/repository/javax/xml/bind/jaxb-api/2.3.0/jaxb-api-2.3.0.jar, file:/home/ubuntu/.m2/repository/org/ow2/asm/asm/6.1.1/asm-6.1.1.jar, file:/home/ubuntu/.m2/repository/io/jsonwebtoken/jjwt/0.7.0/jjwt-0.7.0.jar, file:/home/ubuntu/.m2/repository/org/springframework/boot/spring-boot-starter-aop/2.0.2.RELEASE/spring-boot-starter-aop-2.0.2.RELEASE.jar, file:/home/ubuntu/.m2/repository/org/springframework/spring-aop/5.0.6.RELEASE/spring-aop-5.0.6.RELEASE.jar, file:/home/ubuntu/.m2/repository/org/aspectj/aspectjweaver/1.8.13/aspectjweaver-1.8.13.jar, file:/home/ubuntu/.m2/repository/org/springframework/boot/spring-boot-starter-data-mongodb/2.0.2.RELEASE/spring-boot-starter-data-mongodb-2.0.2.RELEASE.jar, file:/home/ubuntu/.m2/repository/org/mongodb/mongodb-driver/3.6.3/mongodb-driver-3.6.3.jar, file:/home/ubuntu/.m2/repository/org/mongodb/bson/3.6.3/bson-3.6.3.jar, file:/home/ubuntu/.m2/repository/org/mongodb/mongodb-driver-core/3.6.3/mongodb-driver-core-3.6.3.jar, file:/home/ubuntu/.m2/repository/org/springframework/data/spring-data-mongodb/2.0.7.RELEASE/spring-data-mongodb-2.0.7.RELEASE.jar, file:/home/ubuntu/.m2/repository/org/springframework/spring-tx/5.0.6.RELEASE/spring-tx-5.0.6.RELEASE.jar, file:/home/ubuntu/.m2/repository/org/springframework/data/spring-data-commons/2.0.7.RELEASE/spring-data-commons-2.0.7.RELEASE.jar, file:/home/ubuntu/.m2/repository/org/springframework/boot/spring-boot-starter-mail/2.0.2.RELEASE/spring-boot-starter-mail-2.0.2.RELEASE.jar, file:/home/ubuntu/.m2/repository/org/springframework/spring-context/5.0.6.RELEASE/spring-context-5.0.6.RELEASE.jar, file:/home/ubuntu/.m2/repository/org/springframework/spring-context-support/5.0.6.RELEASE/spring-context-support-5.0.6.RELEASE.jar, file:/home/ubuntu/.m2/repository/com/sun/mail/javax.mail/1.6.1/javax.mail-1.6.1.jar, file:/home/ubuntu/.m2/repository/javax/activation/activation/1.1/activation-1.1.jar, file:/home/ubuntu/.m2/repository/org/springframework/session/spring-session-core/2.0.3.RELEASE/spring-session-core-2.0.3.RELEASE.jar, file:/home/ubuntu/.m2/repository/org/springframework/spring-jcl/5.0.6.RELEASE/spring-jcl-5.0.6.RELEASE.jar, file:/home/ubuntu/.m2/repository/io/springfox/springfox-swagger-ui/2.7.0/springfox-swagger-ui-2.7.0.jar, file:/home/ubuntu/.m2/repository/io/springfox/springfox-spring-web/2.7.0/springfox-spring-web-2.7.0.jar, file:/home/ubuntu/.m2/repository/org/reflections/reflections/0.9.11/reflections-0.9.11.jar, file:/home/ubuntu/.m2/repository/org/javassist/javassist/3.21.0-GA/javassist-3.21.0-GA.jar, file:/home/ubuntu/.m2/repository/io/springfox/springfox-swagger2/2.7.0/springfox-swagger2-2.7.0.jar, file:/home/ubuntu/.m2/repository/io/swagger/swagger-annotations/1.5.13/swagger-annotations-1.5.13.jar, file:/home/ubuntu/.m2/repository/io/swagger/swagger-models/1.5.13/swagger-models-1.5.13.jar, file:/home/ubuntu/.m2/repository/io/springfox/springfox-spi/2.7.0/springfox-spi-2.7.0.jar, file:/home/ubuntu/.m2/repository/io/springfox/springfox-core/2.7.0/springfox-core-2.7.0.jar, file:/home/ubuntu/.m2/repository/io/springfox/springfox-schema/2.7.0/springfox-schema-2.7.0.jar, file:/home/ubuntu/.m2/repository/io/springfox/springfox-swagger-common/2.7.0/springfox-swagger-common-2.7.0.jar, file:/home/ubuntu/.m2/repository/com/google/guava/guava/18.0/guava-18.0.jar, file:/home/ubuntu/.m2/repository/com/fasterxml/classmate/1.3.4/classmate-1.3.4.jar, file:/home/ubuntu/.m2/repository/org/slf4j/slf4j-api/1.7.25/slf4j-api-1.7.25.jar, file:/home/ubuntu/.m2/repository/org/springframework/plugin/spring-plugin-core/1.2.0.RELEASE/spring-plugin-core-1.2.0.RELEASE.jar, file:/home/ubuntu/.m2/repository/org/springframework/plugin/spring-plugin-metadata/1.2.0.RELEASE/spring-plugin-metadata-1.2.0.RELEASE.jar, file:/home/ubuntu/.m2/repository/org/mapstruct/mapstruct/1.1.0.Final/mapstruct-1.1.0.Final.jar, file:/home/ubuntu/.m2/repository/com/fasterxml/jackson/core/jackson-databind/2.9.1/jackson-databind-2.9.1.jar, file:/home/ubuntu/.m2/repository/com/fasterxml/jackson/core/jackson-annotations/2.9.0/jackson-annotations-2.9.0.jar, file:/home/ubuntu/.m2/repository/com/fasterxml/jackson/core/jackson-core/2.9.5/jackson-core-2.9.5.jar]
2019-05-30 06:44:09 [background-preinit] DEBUG org.jboss.logging -
				Logging Provider: org.jboss.logging.Log4j2LoggerProvider
2019-05-30 06:44:09 [background-preinit] INFO  o.h.validator.internal.util.Version -
				HV000001: Hibernate Validator 6.0.9.Final
2019-05-30 06:44:09 [background-preinit] DEBUG o.h.v.i.e.r.TraversableResolvers -
				Cannot find javax.persistence.Persistence on classpath. Assuming non JPA 2 environment. All properties will per default be traversable.
2019-05-30 06:44:09 [background-preinit] DEBUG o.h.v.i.xml.ValidationXmlParser -
				Trying to load META-INF/validation.xml for XML based Validator configuration.
2019-05-30 06:44:09 [background-preinit] DEBUG o.h.v.i.xml.ResourceLoaderHelper -
				Trying to load META-INF/validation.xml via TCCL
2019-05-30 06:44:09 [background-preinit] DEBUG o.h.v.i.xml.ResourceLoaderHelper -
				Trying to load META-INF/validation.xml via Hibernate Validator's class loader
2019-05-30 06:44:09 [background-preinit] DEBUG o.h.v.i.xml.ValidationXmlParser -
				No META-INF/validation.xml found. Using annotation based configuration only.
2019-05-30 06:44:09 [background-preinit] DEBUG o.h.v.m.ResourceBundleMessageInterpolator -
				Loaded expression factory via original TCCL
2019-05-30 06:44:09 [background-preinit] DEBUG o.h.v.i.engine.ValidatorFactoryImpl -
				HV000234: Using org.hibernate.validator.messageinterpolation.ResourceBundleMessageInterpolator as ValidatorFactory-scoped message interpolator.
2019-05-30 06:44:09 [background-preinit] DEBUG o.h.v.i.engine.ValidatorFactoryImpl -
				HV000234: Using org.hibernate.validator.internal.engine.resolver.TraverseAllTraversableResolver as ValidatorFactory-scoped traversable resolver.
2019-05-30 06:44:09 [background-preinit] DEBUG o.h.v.i.engine.ValidatorFactoryImpl -
				HV000234: Using org.hibernate.validator.internal.util.ExecutableParameterNameProvider as ValidatorFactory-scoped parameter name provider.
2019-05-30 06:44:09 [background-preinit] DEBUG o.h.v.i.engine.ValidatorFactoryImpl -
				HV000234: Using org.hibernate.validator.internal.engine.DefaultClockProvider as ValidatorFactory-scoped clock provider.
2019-05-30 06:44:09 [background-preinit] DEBUG o.h.v.i.engine.ValidatorFactoryImpl -
				HV000234: Using org.hibernate.validator.internal.engine.scripting.DefaultScriptEvaluatorFactory as ValidatorFactory-scoped script evaluator factory.
2019-05-30 06:44:09 [main] ERROR o.s.boot.SpringApplication -
				Application run failed
java.lang.IllegalStateException: Failed to load property source from location 'classpath:/application.yml'
	at org.springframework.boot.context.config.ConfigFileApplicationListener$Loader.load(ConfigFileApplicationListener.java:537)
	at org.springframework.boot.context.config.ConfigFileApplicationListener$Loader.loadForFileExtension(ConfigFileApplicationListener.java:496)
	at org.springframework.boot.context.config.ConfigFileApplicationListener$Loader.load(ConfigFileApplicationListener.java:464)
	at org.springframework.boot.context.config.ConfigFileApplicationListener$Loader.lambda$null$6(ConfigFileApplicationListener.java:446)
	at java.lang.Iterable.forEach(Iterable.java:75)
	at org.springframework.boot.context.config.ConfigFileApplicationListener$Loader.lambda$load$7(ConfigFileApplicationListener.java:445)
	at java.lang.Iterable.forEach(Iterable.java:75)
	at org.springframework.boot.context.config.ConfigFileApplicationListener$Loader.load(ConfigFileApplicationListener.java:442)
	at org.springframework.boot.context.config.ConfigFileApplicationListener$Loader.load(ConfigFileApplicationListener.java:330)
	at org.springframework.boot.context.config.ConfigFileApplicationListener.addPropertySources(ConfigFileApplicationListener.java:212)
	at org.springframework.boot.context.config.ConfigFileApplicationListener.postProcessEnvironment(ConfigFileApplicationListener.java:195)
	at org.springframework.boot.context.config.ConfigFileApplicationListener.onApplicationEnvironmentPreparedEvent(ConfigFileApplicationListener.java:182)
	at org.springframework.boot.context.config.ConfigFileApplicationListener.onApplicationEvent(ConfigFileApplicationListener.java:168)
	at org.springframework.context.event.SimpleApplicationEventMulticaster.doInvokeListener(SimpleApplicationEventMulticaster.java:172)
	at org.springframework.context.event.SimpleApplicationEventMulticaster.invokeListener(SimpleApplicationEventMulticaster.java:165)
	at org.springframework.context.event.SimpleApplicationEventMulticaster.multicastEvent(SimpleApplicationEventMulticaster.java:139)
	at org.springframework.context.event.SimpleApplicationEventMulticaster.multicastEvent(SimpleApplicationEventMulticaster.java:127)
	at org.springframework.boot.context.event.EventPublishingRunListener.environmentPrepared(EventPublishingRunListener.java:74)
	at org.springframework.boot.SpringApplicationRunListeners.environmentPrepared(SpringApplicationRunListeners.java:54)
	at org.springframework.boot.SpringApplication.prepareEnvironment(SpringApplication.java:358)
	at org.springframework.boot.SpringApplication.run(SpringApplication.java:317)
	at org.springframework.boot.SpringApplication.run(SpringApplication.java:1255)
	at org.springframework.boot.SpringApplication.run(SpringApplication.java:1243)
	at com.stackroute.keepnote.UserServiceApplication.main(UserServiceApplication.java:43)
Caused by: org.yaml.snakeyaml.scanner.ScannerException: while scanning a simple key
 in 'reader', line 11, column 7:
          port:27017
          ^
could not find expected ':'
 in 'reader', line 12, column 7:
          host:localhost
          ^

	at org.yaml.snakeyaml.scanner.ScannerImpl.stalePossibleSimpleKeys(ScannerImpl.java:466)
	at org.yaml.snakeyaml.scanner.ScannerImpl.needMoreTokens(ScannerImpl.java:280)
	at org.yaml.snakeyaml.scanner.ScannerImpl.checkToken(ScannerImpl.java:225)
	at org.yaml.snakeyaml.parser.ParserImpl$ParseBlockMappingKey.produce(ParserImpl.java:557)
	at org.yaml.snakeyaml.parser.ParserImpl.peekEvent(ParserImpl.java:157)
	at org.yaml.snakeyaml.parser.ParserImpl.checkEvent(ParserImpl.java:147)
	at org.yaml.snakeyaml.composer.Composer.composeMappingNode(Composer.java:227)
	at org.yaml.snakeyaml.composer.Composer.composeNode(Composer.java:154)
	at org.yaml.snakeyaml.composer.Composer.composeValueNode(Composer.java:249)
	at org.yaml.snakeyaml.composer.Composer.composeMappingChildren(Composer.java:240)
	at org.yaml.snakeyaml.composer.Composer.composeMappingNode(Composer.java:228)
	at org.yaml.snakeyaml.composer.Composer.composeNode(Composer.java:154)
	at org.yaml.snakeyaml.composer.Composer.composeValueNode(Composer.java:249)
	at org.yaml.snakeyaml.composer.Composer.composeMappingChildren(Composer.java:240)
	at org.yaml.snakeyaml.composer.Composer.composeMappingNode(Composer.java:228)
	at org.yaml.snakeyaml.composer.Composer.composeNode(Composer.java:154)
	at org.yaml.snakeyaml.composer.Composer.composeValueNode(Composer.java:249)
	at org.yaml.snakeyaml.composer.Composer.composeMappingChildren(Composer.java:240)
	at org.yaml.snakeyaml.composer.Composer.composeMappingNode(Composer.java:228)
	at org.yaml.snakeyaml.composer.Composer.composeNode(Composer.java:154)
	at org.yaml.snakeyaml.composer.Composer.composeDocument(Composer.java:122)
	at org.yaml.snakeyaml.composer.Composer.getNode(Composer.java:84)
	at org.yaml.snakeyaml.constructor.BaseConstructor.getData(BaseConstructor.java:123)
	at org.yaml.snakeyaml.Yaml$1.next(Yaml.java:547)
	at org.springframework.beans.factory.config.YamlProcessor.process(YamlProcessor.java:168)
	at org.springframework.beans.factory.config.YamlProcessor.process(YamlProcessor.java:141)
	at org.springframework.boot.env.OriginTrackedYamlLoader.load(OriginTrackedYamlLoader.java:75)
	at org.springframework.boot.env.YamlPropertySourceLoader.load(YamlPropertySourceLoader.java:50)
	at org.springframework.boot.context.config.ConfigFileApplicationListener$Loader.loadDocuments(ConfigFileApplicationListener.java:547)
	at org.springframework.boot.context.config.ConfigFileApplicationListener$Loader.load(ConfigFileApplicationListener.java:517)
	... 23 common frames omitted
